\BOOKMARK [1][-]{section.1}{Introduction}{}% 1
\BOOKMARK [2][-]{subsection.1.1}{Background}{section.1}% 2
\BOOKMARK [3][-]{subsubsection.1.1.1}{CASTOR}{subsection.1.1}% 3
\BOOKMARK [3][-]{subsubsection.1.1.2}{Django}{subsection.1.1}% 4
\BOOKMARK [3][-]{subsubsection.1.1.3}{Metric Analytic Engine}{subsection.1.1}% 5
\BOOKMARK [3][-]{subsubsection.1.1.4}{Cockpit}{subsection.1.1}% 6
\BOOKMARK [2][-]{subsection.1.2}{Motivation}{section.1}% 7
\BOOKMARK [1][-]{section.2}{Literature Review}{}% 8
\BOOKMARK [2][-]{subsubsection.2.0.1}{Graphite}{section.2}% 9
\BOOKMARK [3][-]{subsubsection.2.0.2}{Grafana}{subsubsection.2.0.1}% 10
\BOOKMARK [1][-]{section.3}{Development and Implementation}{}% 11
\BOOKMARK [2][-]{subsubsection.3.0.1}{Addition of new output to MAE}{section.3}% 12
\BOOKMARK [3][-]{subsubsection.3.0.2}{Migration of historic data}{subsubsection.3.0.1}% 13
\BOOKMARK [3][-]{subsubsection.3.0.3}{Metric collection for MAE-Spark}{subsubsection.3.0.1}% 14
\BOOKMARK [3][-]{subsubsection.3.0.4}{Visualisation}{subsubsection.3.0.1}% 15
\BOOKMARK [3][-]{subsubsection.3.0.5}{Reproducibility}{subsubsection.3.0.1}% 16
\BOOKMARK [1][-]{section.4}{Architecture}{}% 17
\BOOKMARK [1][-]{section.5}{Project summary}{}% 18
\BOOKMARK [2][-]{subsection.5.1}{Conclusion}{section.5}% 19
\BOOKMARK [2][-]{subsection.5.2}{Future Work}{section.5}% 20
\BOOKMARK [1][-]{appendix.A}{Appendix}{}% 21
\BOOKMARK [2][-]{subsection.A.1}{ Detailed Previous Infrastructure}{appendix.A}% 22
